SalesOrder/app/build/outputs/logs/manifest-merger-debug-report.txt
-- Merging decision tree log ---
manifest
ADDED from src/main/AndroidManifest.xml:2:1-166:12
	package
		ADDED from src/main/AndroidManifest.xml:3:5-33
		INJECTED from src/main/AndroidManifest.xml
		INJECTED from src/main/AndroidManifest.xml
	android:versionName
		INJECTED from src/main/AndroidManifest.xml
		INJECTED from src/main/AndroidManifest.xml
	xmlns:android
		ADDED from src/main/AndroidManifest.xml:2:11-69
	android:versionCode
		INJECTED from src/main/AndroidManifest.xml
		INJECTED from src/main/AndroidManifest.xml
uses-permission#android.permission.INTERNET
ADDED from src/main/AndroidManifest.xml:6:5-67
MERGED from [com.google.firebase:firebase-analytics:9.0.0] AndroidManifest.xml:21:5-67
MERGED from [com.google.firebase:firebase-analytics-impl:9.0.0] AndroidManifest.xml:21:5-67
MERGED from [com.google.firebase:firebase-iid:9.0.0] AndroidManifest.xml:21:5-67
	android:name
		ADDED from src/main/AndroidManifest.xml:6:22-64
uses-permission#android.permission.ACCESS_NETWORK_STATE
ADDED from src/main/AndroidManifest.xml:7:5-79
MERGED from [com.google.firebase:firebase-analytics:9.0.0] AndroidManifest.xml:22:5-79
MERGED from [com.google.firebase:firebase-analytics-impl:9.0.0] AndroidManifest.xml:22:5-79
MERGED from [com.google.firebase:firebase-iid:9.0.0] AndroidManifest.xml:20:5-79
	android:name
		ADDED from src/main/AndroidManifest.xml:7:22-76
uses-permission#android.permission.ACCESS_WIFI_STATE
ADDED from src/main/AndroidManifest.xml:8:5-76
	android:name
		ADDED from src/main/AndroidManifest.xml:8:22-73
uses-permission#android.permission.READ_EXTERNAL_STORAGE
ADDED from src/main/AndroidManifest.xml:9:5-80
	android:name
		ADDED from src/main/AndroidManifest.xml:9:22-77
uses-permission#android.permission.WRITE_EXTERNAL_STORAGE
ADDED from src/main/AndroidManifest.xml:10:5-81
	android:name
		ADDED from src/main/AndroidManifest.xml:10:22-78
uses-permission#android.permission.BLUETOOTH
ADDED from src/main/AndroidManifest.xml:11:5-68
	android:name
		ADDED from src/main/AndroidManifest.xml:11:22-65
uses-permission#android.permission.BLUETOOTH_ADMIN
ADDED from src/main/AndroidManifest.xml:12:5-74
	android:name
		ADDED from src/main/AndroidManifest.xml:12:22-71
supports-screens
ADDED from src/main/AndroidManifest.xml:14:5-19:39
	android:largeScreens
		ADDED from src/main/AndroidManifest.xml:16:9-36
	android:smallScreens
		ADDED from src/main/AndroidManifest.xml:19:9-36
	android:normalScreens
		ADDED from src/main/AndroidManifest.xml:17:9-37
	android:resizeable
		ADDED from src/main/AndroidManifest.xml:18:9-34
	android:anyDensity
		ADDED from src/main/AndroidManifest.xml:15:9-34
application
ADDED from src/main/AndroidManifest.xml:21:5-164:19
MERGED from [com.android.support:design:23.3.0] AndroidManifest.xml:22:5-20
MERGED from [com.android.support:appcompat-v7:23.3.0] AndroidManifest.xml:25:5-20
MERGED from [com.android.support:animated-vector-drawable:23.3.0] AndroidManifest.xml:7:5-20
MERGED from [com.android.support:support-vector-drawable:23.3.0] AndroidManifest.xml:7:5-20
MERGED from [com.astuetz:pagerslidingtabstrip:1.0.1] AndroidManifest.xml:4:5-19
MERGED from [com.google.firebase:firebase-messaging:9.0.0] AndroidManifest.xml:20:5-32:19
MERGED from [com.google.firebase:firebase-core:9.0.0] AndroidManifest.xml:5:5-20
MERGED from [com.google.firebase:firebase-analytics:9.0.0] AndroidManifest.xml:26:5-41:19
MERGED from [com.google.firebase:firebase-analytics-impl:9.0.0] AndroidManifest.xml:26:5-41:19
MERGED from [com.google.android.gms:play-services-base:9.0.0] AndroidManifest.xml:19:5-23:19
MERGED from [com.google.firebase:firebase-iid:9.0.0] AndroidManifest.xml:30:5-59:19
MERGED from [com.google.firebase:firebase-common:9.0.0] AndroidManifest.xml:5:5-12:19
MERGED from [com.google.android.gms:play-services-tasks:9.0.0] AndroidManifest.xml:5:5-20
MERGED from [com.google.android.gms:play-services-basement:9.0.0] AndroidManifest.xml:20:5-24:19
MERGED from [com.android.support:support-v4:23.3.0] AndroidManifest.xml:22:5-20
	android:label
		ADDED from src/main/AndroidManifest.xml:24:9-41
	android:supportsRtl
		ADDED from src/main/AndroidManifest.xml:25:9-35
	android:allowBackup
		ADDED from src/main/AndroidManifest.xml:22:9-36
	android:icon
		ADDED from src/main/AndroidManifest.xml:23:9-47
	android:theme
		ADDED from src/main/AndroidManifest.xml:26:9-40
activity#de.bxservice.bxpos.ui.MainActivity
ADDED from src/main/AndroidManifest.xml:27:9-30:59
	android:label
		ADDED from src/main/AndroidManifest.xml:29:13-45
	android:theme
		ADDED from src/main/AndroidManifest.xml:30:13-56
	android:name
		ADDED from src/main/AndroidManifest.xml:28:13-44
activity#de.bxservice.bxpos.ui.ViewOpenOrdersActivity
ADDED from src/main/AndroidManifest.xml:31:9-39:20
	android:label
		ADDED from src/main/AndroidManifest.xml:33:13-68
	android:parentActivityName
		ADDED from src/main/AndroidManifest.xml:34:13-58
	android:theme
		ADDED from src/main/AndroidManifest.xml:35:13-44
	android:name
		ADDED from src/main/AndroidManifest.xml:32:13-54
meta-data#android.support.PARENT_ACTIVITY
ADDED from src/main/AndroidManifest.xml:36:13-38:52
	android:value
		ADDED from src/main/AndroidManifest.xml:38:17-49
	android:name
		ADDED from src/main/AndroidManifest.xml:37:17-63
activity#de.bxservice.bxpos.ui.LoginActivity
ADDED from src/main/AndroidManifest.xml:40:9-50:20
	android:label
		ADDED from src/main/AndroidManifest.xml:42:13-45
	android:windowSoftInputMode
		ADDED from src/main/AndroidManifest.xml:44:13-52
	android:theme
		ADDED from src/main/AndroidManifest.xml:43:13-56
	android:name
		ADDED from src/main/AndroidManifest.xml:41:13-45
intent-filter#android.intent.action.MAIN+android.intent.category.LAUNCHER
ADDED from src/main/AndroidManifest.xml:45:13-49:29
action#android.intent.action.MAIN
ADDED from src/main/AndroidManifest.xml:46:17-69
	android:name
		ADDED from src/main/AndroidManifest.xml:46:25-66
category#android.intent.category.LAUNCHER
ADDED from src/main/AndroidManifest.xml:48:17-77
	android:name
		ADDED from src/main/AndroidManifest.xml:48:27-74
activity#de.bxservice.bxpos.ui.EditOrderActivity
ADDED from src/main/AndroidManifest.xml:51:9-59:20
	android:label
		ADDED from src/main/AndroidManifest.xml:53:13-62
	android:parentActivityName
		ADDED from src/main/AndroidManifest.xml:54:13-58
	android:theme
		ADDED from src/main/AndroidManifest.xml:55:13-44
	android:name
		ADDED from src/main/AndroidManifest.xml:52:13-49
activity#de.bxservice.bxpos.ui.CreateOrderActivity
ADDED from src/main/AndroidManifest.xml:60:9-76:20
	android:label
		ADDED from src/main/AndroidManifest.xml:62:13-64
	android:parentActivityName
		ADDED from src/main/AndroidManifest.xml:64:13-58
	android:launchMode
		ADDED from src/main/AndroidManifest.xml:63:13-43
	android:theme
		ADDED from src/main/AndroidManifest.xml:65:13-44
	android:name
		ADDED from src/main/AndroidManifest.xml:61:13-51
meta-data#android.app.searchable
ADDED from src/main/AndroidManifest.xml:66:13-68:54
	android:resource
		ADDED from src/main/AndroidManifest.xml:68:17-51
	android:name
		ADDED from src/main/AndroidManifest.xml:67:17-54
intent-filter#android.intent.action.SEARCH
ADDED from src/main/AndroidManifest.xml:73:13-75:29
action#android.intent.action.SEARCH
ADDED from src/main/AndroidManifest.xml:74:17-71
	android:name
		ADDED from src/main/AndroidManifest.xml:74:25-68
activity#de.bxservice.bxpos.ui.OfflineAdminSettingsActivity
ADDED from src/main/AndroidManifest.xml:77:9-84:20
	android:label
		ADDED from src/main/AndroidManifest.xml:79:13-66
	android:parentActivityName
		ADDED from src/main/AndroidManifest.xml:80:13-59
	android:name
		ADDED from src/main/AndroidManifest.xml:78:13-60
activity#de.bxservice.bxpos.ui.HeadersActivity
ADDED from src/main/AndroidManifest.xml:85:9-92:20
	android:label
		ADDED from src/main/AndroidManifest.xml:87:13-66
	android:parentActivityName
		ADDED from src/main/AndroidManifest.xml:88:13-59
	android:name
		ADDED from src/main/AndroidManifest.xml:86:13-47
activity#de.bxservice.bxpos.ui.PayOrderActivity
ADDED from src/main/AndroidManifest.xml:93:9-101:20
	android:label
		ADDED from src/main/AndroidManifest.xml:95:13-61
	android:parentActivityName
		ADDED from src/main/AndroidManifest.xml:96:13-63
	android:theme
		ADDED from src/main/AndroidManifest.xml:97:13-44
	android:name
		ADDED from src/main/AndroidManifest.xml:94:13-48
activity#de.bxservice.bxpos.ui.ReportActivity
ADDED from src/main/AndroidManifest.xml:102:9-110:20
	android:label
		ADDED from src/main/AndroidManifest.xml:104:13-43
	android:parentActivityName
		ADDED from src/main/AndroidManifest.xml:105:13-58
	android:theme
		ADDED from src/main/AndroidManifest.xml:106:13-44
	android:name
		ADDED from src/main/AndroidManifest.xml:103:13-46
activity#de.bxservice.bxpos.ui.ReportResultActivity
ADDED from src/main/AndroidManifest.xml:111:9-119:20
	android:label
		ADDED from src/main/AndroidManifest.xml:113:13-43
	android:parentActivityName
		ADDED from src/main/AndroidManifest.xml:114:13-60
	android:theme
		ADDED from src/main/AndroidManifest.xml:115:13-44
	android:name
		ADDED from src/main/AndroidManifest.xml:112:13-52
activity#de.bxservice.bxpos.ui.FCMNotificationActivity
ADDED from src/main/AndroidManifest.xml:120:9-131:20
	android:name
		ADDED from src/main/AndroidManifest.xml:120:19-61
intent-filter#LOAD_DATA+android.intent.category.DEFAULT
ADDED from src/main/AndroidManifest.xml:121:13-125:29
action#LOAD_DATA
ADDED from src/main/AndroidManifest.xml:122:17-52
	android:name
		ADDED from src/main/AndroidManifest.xml:122:25-49
category#android.intent.category.DEFAULT
ADDED from src/main/AndroidManifest.xml:124:17-76
	android:name
		ADDED from src/main/AndroidManifest.xml:124:27-73
intent-filter#OPEN_ACTIVITY+android.intent.category.DEFAULT
ADDED from src/main/AndroidManifest.xml:126:13-130:29
action#OPEN_ACTIVITY
ADDED from src/main/AndroidManifest.xml:127:17-56
	android:name
		ADDED from src/main/AndroidManifest.xml:127:25-53
activity#de.bxservice.bxpos.ui.AboutActivity
ADDED from src/main/AndroidManifest.xml:132:9-134:56
	android:label
		ADDED from src/main/AndroidManifest.xml:133:13-42
	android:theme
		ADDED from src/main/AndroidManifest.xml:134:13-44
	android:name
		ADDED from src/main/AndroidManifest.xml:132:19-51
activity#de.bxservice.bxpos.ui.ClosedOrdersActivity
ADDED from src/main/AndroidManifest.xml:135:9-143:20
	android:label
		ADDED from src/main/AndroidManifest.xml:137:13-65
	android:parentActivityName
		ADDED from src/main/AndroidManifest.xml:138:13-58
	android:theme
		ADDED from src/main/AndroidManifest.xml:139:13-44
	android:name
		ADDED from src/main/AndroidManifest.xml:136:13-52
activity#de.bxservice.bxpos.ui.ClosedOrderDetailActivity
ADDED from src/main/AndroidManifest.xml:144:9-152:20
	android:label
		ADDED from src/main/AndroidManifest.xml:146:13-71
	android:parentActivityName
		ADDED from src/main/AndroidManifest.xml:147:13-66
	android:theme
		ADDED from src/main/AndroidManifest.xml:148:13-44
	android:name
		ADDED from src/main/AndroidManifest.xml:145:13-57
service#de.bxservice.bxpos.fcm.BxPosFirebaseMessagingService
ADDED from src/main/AndroidManifest.xml:154:9-158:19
	android:name
		ADDED from src/main/AndroidManifest.xml:154:18-67
intent-filter#com.google.firebase.MESSAGING_EVENT
ADDED from src/main/AndroidManifest.xml:155:13-157:29
action#com.google.firebase.MESSAGING_EVENT
ADDED from src/main/AndroidManifest.xml:156:17-78
	android:name
		ADDED from src/main/AndroidManifest.xml:156:25-75
service#de.bxservice.bxpos.fcm.BxPosFirebaseInstanceIDService
ADDED from src/main/AndroidManifest.xml:159:9-163:19
	android:name
		ADDED from src/main/AndroidManifest.xml:159:18-68
intent-filter#com.google.firebase.INSTANCE_ID_EVENT
ADDED from src/main/AndroidManifest.xml:160:13-162:29
action#com.google.firebase.INSTANCE_ID_EVENT
ADDED from src/main/AndroidManifest.xml:161:17-80
	android:name
		ADDED from src/main/AndroidManifest.xml:161:25-77
uses-sdk
INJECTED from src/main/AndroidManifest.xml reason: use-sdk injection requested
MERGED from [com.android.support:design:23.3.0] AndroidManifest.xml:20:5-43
MERGED from [com.android.support:appcompat-v7:23.3.0] AndroidManifest.xml:21:5-23:78
MERGED from [com.android.support:animated-vector-drawable:23.3.0] AndroidManifest.xml:5:5-44
MERGED from [com.android.support:support-vector-drawable:23.3.0] AndroidManifest.xml:5:5-43
MERGED from [com.astuetz:pagerslidingtabstrip:1.0.1] AndroidManifest.xml:2:5-72
MERGED from [com.android.support:recyclerview-v7:23.3.0] AndroidManifest.xml:20:5-43
MERGED from [com.google.firebase:firebase-messaging:9.0.0] AndroidManifest.xml:18:5-42
MERGED from [com.google.firebase:firebase-core:9.0.0] AndroidManifest.xml:4:5-42
MERGED from [com.google.firebase:firebase-analytics:9.0.0] AndroidManifest.xml:18:5-42
MERGED from [com.google.firebase:firebase-analytics-impl:9.0.0] AndroidManifest.xml:18:5-42
MERGED from [com.google.android.gms:play-services-base:9.0.0] AndroidManifest.xml:18:5-42
MERGED from [com.google.firebase:firebase-iid:9.0.0] AndroidManifest.xml:18:5-42
MERGED from [com.google.firebase:firebase-common:9.0.0] AndroidManifest.xml:4:5-43
MERGED from [com.google.android.gms:play-services-tasks:9.0.0] AndroidManifest.xml:4:5-43
MERGED from [com.google.android.gms:play-services-basement:9.0.0] AndroidManifest.xml:18:5-42
MERGED from [com.android.support:support-v4:23.3.0] AndroidManifest.xml:20:5-43
	tools:overrideLibrary
		ADDED from [com.android.support:appcompat-v7:23.3.0] AndroidManifest.xml:23:9-75
	android:targetSdkVersion
		INJECTED from src/main/AndroidManifest.xml
		INJECTED from src/main/AndroidManifest.xml
	android:minSdkVersion
		INJECTED from src/main/AndroidManifest.xml
		INJECTED from src/main/AndroidManifest.xml
service#com.google.firebase.messaging.FirebaseMessagingService
ADDED from [com.google.firebase:firebase-messaging:9.0.0] AndroidManifest.xml:24:9-30:19
	android:exported
		ADDED from [com.google.firebase:firebase-messaging:9.0.0] AndroidManifest.xml:26:13-36
	android:name
		ADDED from [com.google.firebase:firebase-messaging:9.0.0] AndroidManifest.xml:25:13-82
uses-permission#android.permission.WAKE_LOCK
ADDED from [com.google.firebase:firebase-analytics:9.0.0] AndroidManifest.xml:24:5-67
MERGED from [com.google.firebase:firebase-analytics-impl:9.0.0] AndroidManifest.xml:24:5-67
MERGED from [com.google.firebase:firebase-iid:9.0.0] AndroidManifest.xml:22:5-68
	android:name
		ADDED from [com.google.firebase:firebase-analytics:9.0.0] AndroidManifest.xml:24:22-65
receiver#com.google.android.gms.measurement.AppMeasurementReceiver
ADDED from [com.google.firebase:firebase-analytics:9.0.0] AndroidManifest.xml:28:7-34:18
MERGED from [com.google.firebase:firebase-analytics-impl:9.0.0] AndroidManifest.xml:28:7-34:18
	android:enabled
		ADDED from [com.google.firebase:firebase-analytics:9.0.0] AndroidManifest.xml:30:11-33
	android:name
		ADDED from [com.google.firebase:firebase-analytics:9.0.0] AndroidManifest.xml:29:11-83
intent-filter#com.google.android.gms.measurement.UPLOAD
ADDED from [com.google.firebase:firebase-analytics:9.0.0] AndroidManifest.xml:31:9-33:25
action#com.google.android.gms.measurement.UPLOAD
ADDED from [com.google.firebase:firebase-analytics:9.0.0] AndroidManifest.xml:32:11-77
	android:name
		ADDED from [com.google.firebase:firebase-analytics:9.0.0] AndroidManifest.xml:32:19-75
service#com.google.android.gms.measurement.AppMeasurementService
ADDED from [com.google.firebase:firebase-analytics:9.0.0] AndroidManifest.xml:36:7-39:37
MERGED from [com.google.firebase:firebase-analytics-impl:9.0.0] AndroidManifest.xml:36:7-39:37
	android:enabled
		ADDED from [com.google.firebase:firebase-analytics:9.0.0] AndroidManifest.xml:38:11-33
	android:exported
		ADDED from [com.google.firebase:firebase-analytics:9.0.0] AndroidManifest.xml:39:11-35
	android:name
		ADDED from [com.google.firebase:firebase-analytics:9.0.0] AndroidManifest.xml:37:11-82
activity#com.google.android.gms.common.api.GoogleApiActivity
ADDED from [com.google.android.gms:play-services-base:9.0.0] AndroidManifest.xml:20:9-22:45
	android:exported
		ADDED from [com.google.android.gms:play-services-base:9.0.0] AndroidManifest.xml:22:19-43
	android:theme
		ADDED from [com.google.android.gms:play-services-base:9.0.0] AndroidManifest.xml:21:19-78
	android:name
		ADDED from [com.google.android.gms:play-services-base:9.0.0] AndroidManifest.xml:20:19-85
uses-permission#com.google.android.c2dm.permission.RECEIVE
ADDED from [com.google.firebase:firebase-iid:9.0.0] AndroidManifest.xml:23:5-82
	android:name
		ADDED from [com.google.firebase:firebase-iid:9.0.0] AndroidManifest.xml:23:22-79
permission#${applicationId}.permission.C2D_MESSAGE
ADDED from [com.google.firebase:firebase-iid:9.0.0] AndroidManifest.xml:25:5-26:47
	android:protectionLevel
		ADDED from [com.google.firebase:firebase-iid:9.0.0] AndroidManifest.xml:26:9-44
	android:name
		ADDED from [com.google.firebase:firebase-iid:9.0.0] AndroidManifest.xml:25:17-71
uses-permission#${applicationId}.permission.C2D_MESSAGE
ADDED from [com.google.firebase:firebase-iid:9.0.0] AndroidManifest.xml:28:5-79
	android:name
		ADDED from [com.google.firebase:firebase-iid:9.0.0] AndroidManifest.xml:28:22-76
receiver#com.google.firebase.iid.FirebaseInstanceIdReceiver
ADDED from [com.google.firebase:firebase-iid:9.0.0] AndroidManifest.xml:32:9-41:20
	android:exported
		ADDED from [com.google.firebase:firebase-iid:9.0.0] AndroidManifest.xml:34:13-36
	android:permission
		ADDED from [com.google.firebase:firebase-iid:9.0.0] AndroidManifest.xml:35:13-73
	android:name
		ADDED from [com.google.firebase:firebase-iid:9.0.0] AndroidManifest.xml:33:13-78
intent-filter#${applicationId}+com.google.android.c2dm.intent.RECEIVE+com.google.android.c2dm.intent.REGISTRATION
ADDED from [com.google.firebase:firebase-iid:9.0.0] AndroidManifest.xml:36:13-40:29
action#com.google.android.c2dm.intent.RECEIVE
ADDED from [com.google.firebase:firebase-iid:9.0.0] AndroidManifest.xml:37:17-81
	android:name
		ADDED from [com.google.firebase:firebase-iid:9.0.0] AndroidManifest.xml:37:25-78
action#com.google.android.c2dm.intent.REGISTRATION
ADDED from [com.google.firebase:firebase-iid:9.0.0] AndroidManifest.xml:38:17-86
	android:name
		ADDED from [com.google.firebase:firebase-iid:9.0.0] AndroidManifest.xml:38:25-83
category#${applicationId}
ADDED from [com.google.firebase:firebase-iid:9.0.0] AndroidManifest.xml:39:17-61
	android:name
		ADDED from [com.google.firebase:firebase-iid:9.0.0] AndroidManifest.xml:39:27-58
receiver#com.google.firebase.iid.FirebaseInstanceIdInternalReceiver
ADDED from [com.google.firebase:firebase-iid:9.0.0] AndroidManifest.xml:45:9-47:40
	android:exported
		ADDED from [com.google.firebase:firebase-iid:9.0.0] AndroidManifest.xml:47:13-37
	android:name
		ADDED from [com.google.firebase:firebase-iid:9.0.0] AndroidManifest.xml:46:13-86
service#com.google.firebase.iid.FirebaseInstanceIdService
ADDED from [com.google.firebase:firebase-iid:9.0.0] AndroidManifest.xml:51:9-57:19
	android:exported
		ADDED from [com.google.firebase:firebase-iid:9.0.0] AndroidManifest.xml:53:13-36
	android:name
		ADDED from [com.google.firebase:firebase-iid:9.0.0] AndroidManifest.xml:52:13-77
provider#com.google.firebase.provider.FirebaseInitProvider
ADDED from [com.google.firebase:firebase-common:9.0.0] AndroidManifest.xml:7:9-11:39
	android:authorities
		ADDED from [com.google.firebase:firebase-common:9.0.0] AndroidManifest.xml:8:13-72
	android:exported
		ADDED from [com.google.firebase:firebase-common:9.0.0] AndroidManifest.xml:10:13-37
	android:initOrder
		ADDED from [com.google.firebase:firebase-common:9.0.0] AndroidManifest.xml:11:13-36
	android:name
		ADDED from [com.google.firebase:firebase-common:9.0.0] AndroidManifest.xml:9:13-58
meta-data#com.google.android.gms.version
ADDED from [com.google.android.gms:play-services-basement:9.0.0] AndroidManifest.xml:21:9-23:69
	android:value
		ADDED from [com.google.android.gms:play-services-basement:9.0.0] AndroidManifest.xml:23:13-66
	android:name
		ADDED from [com.google.android.gms:play-services-basement:9.0.0] AndroidManifest.xml:22:13-58